2017-10-28T06:31:26.805145Z mysqld_safe Logging to '/opt/bitnami/mysql/data/86125038730a.err'.
2017-10-28T06:31:26.822744Z mysqld_safe Starting mysqld daemon with databases from /opt/bitnami/mysql/data
mysqld: [Warning] World-writable config file '/opt/bitnami/mysql/conf/my.cnf' is ignored.
2017-10-28T06:31:26.992177Z 0 [Warning] TIMESTAMP with implicit DEFAULT value is deprecated. Please use --explicit_defaults_for_timestamp server option (see documentation for more details).
2017-10-28T06:31:26.993458Z 0 [Note] --secure-file-priv is set to NULL. Operations related to importing and exporting data are disabled
2017-10-28T06:31:26.993489Z 0 [Note] /opt/bitnami/mysql/bin/mysqld (mysqld 5.7.20) starting as process 117 ...
2017-10-28T06:31:26.999659Z 0 [Warning] Setting lower_case_table_names=2 because file system for /opt/bitnami/mysql/data/ is case insensitive
2017-10-28T06:31:27.002892Z 0 [Note] InnoDB: PUNCH HOLE support available
2017-10-28T06:31:27.003137Z 0 [Note] InnoDB: Mutexes and rw_locks use GCC atomic builtins
2017-10-28T06:31:27.003333Z 0 [Note] InnoDB: Uses event mutexes
2017-10-28T06:31:27.003517Z 0 [Note] InnoDB: GCC builtin __sync_synchronize() is used for memory barrier
2017-10-28T06:31:27.003705Z 0 [Note] InnoDB: Compressed tables use zlib 1.2.3
2017-10-28T06:31:27.003904Z 0 [Note] InnoDB: Using Linux native AIO
2017-10-28T06:31:27.004321Z 0 [Note] InnoDB: Number of pools: 1
2017-10-28T06:31:27.004585Z 0 [Note] InnoDB: Using CPU crc32 instructions
2017-10-28T06:31:27.006049Z 0 [Note] InnoDB: Initializing buffer pool, total size = 128M, instances = 1, chunk size = 128M
2017-10-28T06:31:27.011900Z 0 [Note] InnoDB: Completed initialization of buffer pool
2017-10-28T06:31:27.014135Z 0 [Note] InnoDB: If the mysqld execution user is authorized, page cleaner thread priority can be changed. See the man page of setpriority().
2017-10-28T06:31:27.040657Z 0 [Note] InnoDB: Highest supported file format is Barracuda.
2017-10-28T06:31:27.092930Z 0 [Note] InnoDB: Creating shared tablespace for temporary tables
2017-10-28T06:31:27.093796Z 0 [Note] InnoDB: Setting file './ibtmp1' size to 12 MB. Physically writing the file full; Please wait ...
2017-10-28T06:31:27.148251Z 0 [Note] InnoDB: File './ibtmp1' size is now 12 MB.
2017-10-28T06:31:27.161000Z 0 [Note] InnoDB: 96 redo rollback segment(s) found. 96 redo rollback segment(s) are active.
2017-10-28T06:31:27.161397Z 0 [Note] InnoDB: 32 non-redo rollback segment(s) are active.
2017-10-28T06:31:27.161917Z 0 [Note] InnoDB: Waiting for purge to start
2017-10-28T06:31:27.213622Z 0 [Note] InnoDB: 5.7.20 started; log sequence number 2602473
2017-10-28T06:31:27.214363Z 0 [Note] Plugin 'FEDERATED' is disabled.
2017-10-28T06:31:27.215534Z 0 [Note] InnoDB: Loading buffer pool(s) from /bitnami/mysql/data/ib_buffer_pool
2017-10-28T06:31:27.226092Z 0 [Warning] World-writable config file './auto.cnf' is ignored.
2017-10-28T06:31:27.226612Z 0 [Warning] World-writable config file './auto.cnf' has been removed.

2017-10-28T06:31:27.227760Z 0 [Note] Salting uuid generator variables, current_pid: 117, server_start_time: 1509172286, bytes_sent: 0, 
2017-10-28T06:31:27.228038Z 0 [Note] Generated uuid: 'a05b1508-bba9-11e7-bddc-0242ac120005', server_start_time: 32932573784319155, bytes_sent: 39768320
2017-10-28T06:31:27.228285Z 0 [Warning] No existing UUID has been found, so we assume that this is the first time that this server has been started. Generating a new UUID: a05b1508-bba9-11e7-bddc-0242ac120005.
2017-10-28T06:31:27.246522Z 0 [Warning] Failed to set up SSL because of the following SSL library error: SSL context is not usable without certificate and private key
2017-10-28T06:31:27.247379Z 0 [Note] Server hostname (bind-address): '*'; port: 3306
2017-10-28T06:31:27.247574Z 0 [Note] IPv6 is available.
2017-10-28T06:31:27.247749Z 0 [Note]   - '::' resolves to '::';
2017-10-28T06:31:27.247997Z 0 [Note] Server socket created on IP: '::'.
2017-10-28T06:31:27.265042Z 0 [Note] InnoDB: Buffer pool(s) load completed at 171028  6:31:27
2017-10-28T06:31:27.458663Z 0 [Note] Event Scheduler: Loaded 0 events
2017-10-28T06:31:27.459147Z 0 [Note] /opt/bitnami/mysql/bin/mysqld: ready for connections.
Version: '5.7.20'  socket: '/tmp/mysql.sock'  port: 3306  MySQL Community Server (GPL)
2017-10-28T06:31:27.459353Z 0 [Note] Executing 'SELECT * FROM INFORMATION_SCHEMA.TABLES;' to get a list of tables using the deprecated partition engine. You may use the startup option '--disable-partition-engine-check' to skip this check. 
2017-10-28T06:31:27.459539Z 0 [Note] Beginning of list of non-natively partitioned tables
2017-10-28T06:31:27.719908Z 0 [Note] End of list of non-natively partitioned tables
